<?xml version="1.0" encoding="UTF-8"?>
<!-- Generated by org.testng.reporters.JUnitReportReporter -->
<testsuite hostname="DESKTOP-JELSEDM" failures="0" tests="1" name="com.gvp.orm.Enzigma.noKodrSignup_Page_Validation" time="1.851" errors="0" timestamp="2025-01-09T20:48:44 IST" skipped="0">
  <testcase classname="com.gvp.orm.Enzigma.noKodrSignup_Page_Validation" name="Signup_Page_Validation" time="1.851"/>
</testsuite> <!-- com.gvp.orm.Enzigma.noKodrSignup_Page_Validation -->
