<?xml version="1.0" encoding="UTF-8"?>
<!-- Generated by org.testng.reporters.JUnitReportReporter -->
<testsuite hostname="DESKTOP-JELSEDM" failures="0" tests="4" name="com.gvp.orm.Enzigma.noKodr_LogIn_Function" time="29.465" errors="0" timestamp="2025-01-09T13:49:15 IST" skipped="0">
  <testcase classname="com.gvp.orm.Enzigma.noKodr_LogIn_Function" name="loginTest_ValidCredential" time="24.418"/>
  <testcase classname="com.gvp.orm.Enzigma.noKodr_LogIn_Function" name="loginTest_InvalidCredential" time="3.224"/>
  <testcase classname="com.gvp.orm.Enzigma.noKodr_LogIn_Function" name="loginTest_Blankfields" time="0.771"/>
  <testcase classname="com.gvp.orm.Enzigma.noKodr_LogIn_Function" name="loginTest_Specialcharacters" time="1.052"/>
</testsuite> <!-- com.gvp.orm.Enzigma.noKodr_LogIn_Function -->
